\BOOKMARK [0][-]{chapter.1}{\376\377\0001\000\040\000D\000a\000t\000a\000\040\000S\000t\000r\000u\000c\000t\000u\000r\000e\000\040\000I\000n\000d\000e\000x}{}% 1
\BOOKMARK [1][-]{section.1.1}{\376\377\0001\000.\0001\000\040\000D\000a\000t\000a\000\040\000S\000t\000r\000u\000c\000t\000u\000r\000e\000s}{chapter.1}% 2
\BOOKMARK [0][-]{chapter.2}{\376\377\0002\000\040\000F\000i\000l\000e\000\040\000I\000n\000d\000e\000x}{}% 3
\BOOKMARK [1][-]{section.2.1}{\376\377\0002\000.\0001\000\040\000F\000i\000l\000e\000\040\000L\000i\000s\000t}{chapter.2}% 4
\BOOKMARK [0][-]{chapter.3}{\376\377\0003\000\040\000D\000a\000t\000a\000\040\000S\000t\000r\000u\000c\000t\000u\000r\000e\000\040\000D\000o\000c\000u\000m\000e\000n\000t\000a\000t\000i\000o\000n}{}% 5
\BOOKMARK [1][-]{section.3.1}{\376\377\0003\000.\0001\000\040\000a\000l\000a\000r\000m\000\040\000S\000t\000r\000u\000c\000t\000\040\000R\000e\000f\000e\000r\000e\000n\000c\000e}{chapter.3}% 6
\BOOKMARK [1][-]{section.3.2}{\376\377\0003\000.\0002\000\040\000c\000o\000n\000t\000e\000x\000t\000\040\000S\000t\000r\000u\000c\000t\000\040\000R\000e\000f\000e\000r\000e\000n\000c\000e}{chapter.3}% 7
\BOOKMARK [2][-]{subsection.3.2.1}{\376\377\0003\000.\0002\000.\0001\000\040\000D\000e\000t\000a\000i\000l\000e\000d\000\040\000D\000e\000s\000c\000r\000i\000p\000t\000i\000o\000n}{section.3.2}% 8
\BOOKMARK [1][-]{section.3.3}{\376\377\0003\000.\0003\000\040\000d\000c\000b\000\040\000S\000t\000r\000u\000c\000t\000\040\000R\000e\000f\000e\000r\000e\000n\000c\000e}{chapter.3}% 9
\BOOKMARK [1][-]{section.3.4}{\376\377\0003\000.\0004\000\040\000i\000o\000c\000b\000\040\000S\000t\000r\000u\000c\000t\000\040\000R\000e\000f\000e\000r\000e\000n\000c\000e}{chapter.3}% 10
\BOOKMARK [1][-]{section.3.5}{\376\377\0003\000.\0005\000\040\000i\000o\000c\000b\000Q\000u\000e\000u\000e\000\040\000S\000t\000r\000u\000c\000t\000\040\000R\000e\000f\000e\000r\000e\000n\000c\000e}{chapter.3}% 11
\BOOKMARK [1][-]{section.3.6}{\376\377\0003\000.\0006\000\040\000p\000c\000b\000\040\000S\000t\000r\000u\000c\000t\000\040\000R\000e\000f\000e\000r\000e\000n\000c\000e}{chapter.3}% 12
\BOOKMARK [1][-]{section.3.7}{\376\377\0003\000.\0007\000\040\000q\000u\000e\000u\000e\000\040\000S\000t\000r\000u\000c\000t\000\040\000R\000e\000f\000e\000r\000e\000n\000c\000e}{chapter.3}% 13
\BOOKMARK [0][-]{chapter.4}{\376\377\0004\000\040\000F\000i\000l\000e\000\040\000D\000o\000c\000u\000m\000e\000n\000t\000a\000t\000i\000o\000n}{}% 14
\BOOKMARK [1][-]{section.4.1}{\376\377\0004\000.\0001\000\040\000i\000n\000c\000l\000u\000d\000e\000/\000a\000l\000a\000r\000m\000.\000h\000\040\000F\000i\000l\000e\000\040\000R\000e\000f\000e\000r\000e\000n\000c\000e}{chapter.4}% 15
\BOOKMARK [1][-]{section.4.2}{\376\377\0004\000.\0002\000\040\000i\000n\000c\000l\000u\000d\000e\000/\000c\000o\000m\000h\000a\000n\000d\000.\000h\000\040\000F\000i\000l\000e\000\040\000R\000e\000f\000e\000r\000e\000n\000c\000e}{chapter.4}% 16
\BOOKMARK [2][-]{subsection.4.2.1}{\376\377\0004\000.\0002\000.\0001\000\040\000D\000e\000t\000a\000i\000l\000e\000d\000\040\000D\000e\000s\000c\000r\000i\000p\000t\000i\000o\000n}{section.4.2}% 17
\BOOKMARK [2][-]{subsection.4.2.2}{\376\377\0004\000.\0002\000.\0002\000\040\000F\000u\000n\000c\000t\000i\000o\000n\000\040\000D\000o\000c\000u\000m\000e\000n\000t\000a\000t\000i\000o\000n}{section.4.2}% 18
\BOOKMARK [3][-]{subsubsection.4.2.2.1}{\376\377\0004\000.\0002\000.\0002\000.\0001\000\040\000a\000l\000a\000r\000m\000\050\000\051}{subsection.4.2.2}% 19
\BOOKMARK [3][-]{subsubsection.4.2.2.2}{\376\377\0004\000.\0002\000.\0002\000.\0002\000\040\000b\000l\000o\000c\000k\000P\000C\000B\000\050\000\051}{subsection.4.2.2}% 20
\BOOKMARK [3][-]{subsubsection.4.2.2.3}{\376\377\0004\000.\0002\000.\0002\000.\0003\000\040\000c\000o\000m\000h\000a\000n\000d\000\050\000\051}{subsection.4.2.2}% 21
\BOOKMARK [3][-]{subsubsection.4.2.2.4}{\376\377\0004\000.\0002\000.\0002\000.\0004\000\040\000c\000r\000e\000a\000t\000e\000P\000C\000B\000\050\000\051}{subsection.4.2.2}% 22
\BOOKMARK [3][-]{subsubsection.4.2.2.5}{\376\377\0004\000.\0002\000.\0002\000.\0005\000\040\000d\000e\000l\000e\000t\000e\000P\000C\000B\000\050\000\051}{subsection.4.2.2}% 23
\BOOKMARK [3][-]{subsubsection.4.2.2.6}{\376\377\0004\000.\0002\000.\0002\000.\0006\000\040\000g\000e\000t\000D\000a\000t\000e\000\050\000\051}{subsection.4.2.2}% 24
\BOOKMARK [3][-]{subsubsection.4.2.2.7}{\376\377\0004\000.\0002\000.\0002\000.\0007\000\040\000g\000e\000t\000T\000i\000m\000e\000\050\000\051}{subsection.4.2.2}% 25
\BOOKMARK [3][-]{subsubsection.4.2.2.8}{\376\377\0004\000.\0002\000.\0002\000.\0008\000\040\000h\000e\000l\000p\000\050\000\051}{subsection.4.2.2}% 26
\BOOKMARK [3][-]{subsubsection.4.2.2.9}{\376\377\0004\000.\0002\000.\0002\000.\0009\000\040\000l\000o\000a\000d\000R\0003\000\050\000\051}{subsection.4.2.2}% 27
\BOOKMARK [3][-]{subsubsection.4.2.2.10}{\376\377\0004\000.\0002\000.\0002\000.\0001\0000\000\040\000p\000r\000i\000n\000t\000M\000e\000n\000u\000\050\000\051}{subsection.4.2.2}% 28
\BOOKMARK [3][-]{subsubsection.4.2.2.11}{\376\377\0004\000.\0002\000.\0002\000.\0001\0001\000\040\000r\000e\000s\000u\000m\000e\000P\000C\000B\000\050\000\051}{subsection.4.2.2}% 29
\BOOKMARK [3][-]{subsubsection.4.2.2.12}{\376\377\0004\000.\0002\000.\0002\000.\0001\0002\000\040\000s\000e\000t\000D\000a\000t\000e\000\050\000\051}{subsection.4.2.2}% 30
\BOOKMARK [3][-]{subsubsection.4.2.2.13}{\376\377\0004\000.\0002\000.\0002\000.\0001\0003\000\040\000s\000e\000t\000P\000C\000B\000P\000r\000i\000o\000r\000i\000t\000y\000\050\000\051}{subsection.4.2.2}% 31
\BOOKMARK [3][-]{subsubsection.4.2.2.14}{\376\377\0004\000.\0002\000.\0002\000.\0001\0004\000\040\000s\000e\000t\000T\000i\000m\000e\000\050\000\051}{subsection.4.2.2}% 32
\BOOKMARK [3][-]{subsubsection.4.2.2.15}{\376\377\0004\000.\0002\000.\0002\000.\0001\0005\000\040\000s\000h\000o\000w\000A\000l\000l\000\050\000\051}{subsection.4.2.2}% 33
\BOOKMARK [3][-]{subsubsection.4.2.2.16}{\376\377\0004\000.\0002\000.\0002\000.\0001\0006\000\040\000s\000h\000o\000w\000B\000l\000o\000c\000k\000e\000d\000\050\000\051}{subsection.4.2.2}% 34
\BOOKMARK [3][-]{subsubsection.4.2.2.17}{\376\377\0004\000.\0002\000.\0002\000.\0001\0007\000\040\000s\000h\000o\000w\000P\000C\000B\000\050\000\051}{subsection.4.2.2}% 35
\BOOKMARK [3][-]{subsubsection.4.2.2.18}{\376\377\0004\000.\0002\000.\0002\000.\0001\0008\000\040\000s\000h\000o\000w\000R\000e\000a\000d\000y\000\050\000\051}{subsection.4.2.2}% 36
\BOOKMARK [3][-]{subsubsection.4.2.2.19}{\376\377\0004\000.\0002\000.\0002\000.\0001\0009\000\040\000s\000h\000u\000t\000d\000o\000w\000n\000\050\000\051}{subsection.4.2.2}% 37
\BOOKMARK [3][-]{subsubsection.4.2.2.20}{\376\377\0004\000.\0002\000.\0002\000.\0002\0000\000\040\000s\000u\000s\000p\000e\000n\000d\000P\000C\000B\000\050\000\051}{subsection.4.2.2}% 38
\BOOKMARK [3][-]{subsubsection.4.2.2.21}{\376\377\0004\000.\0002\000.\0002\000.\0002\0001\000\040\000u\000n\000b\000l\000o\000c\000k\000P\000C\000B\000\050\000\051}{subsection.4.2.2}% 39
\BOOKMARK [3][-]{subsubsection.4.2.2.22}{\376\377\0004\000.\0002\000.\0002\000.\0002\0002\000\040\000v\000e\000r\000s\000i\000o\000n\000\050\000\051}{subsection.4.2.2}% 40
\BOOKMARK [3][-]{subsubsection.4.2.2.23}{\376\377\0004\000.\0002\000.\0002\000.\0002\0003\000\040\000y\000i\000e\000l\000d\000\050\000\051}{subsection.4.2.2}% 41
\BOOKMARK [1][-]{section.4.3}{\376\377\0004\000.\0003\000\040\000i\000n\000c\000l\000u\000d\000e\000/\000c\000o\000n\000t\000e\000x\000t\000.\000h\000\040\000F\000i\000l\000e\000\040\000R\000e\000f\000e\000r\000e\000n\000c\000e}{chapter.4}% 42
\BOOKMARK [2][-]{subsection.4.3.1}{\376\377\0004\000.\0003\000.\0001\000\040\000D\000e\000t\000a\000i\000l\000e\000d\000\040\000D\000e\000s\000c\000r\000i\000p\000t\000i\000o\000n}{section.4.3}% 43
\BOOKMARK [1][-]{section.4.4}{\376\377\0004\000.\0004\000\040\000i\000n\000c\000l\000u\000d\000e\000/\000c\000t\000y\000p\000e\000.\000h\000\040\000F\000i\000l\000e\000\040\000R\000e\000f\000e\000r\000e\000n\000c\000e}{chapter.4}% 44
\BOOKMARK [2][-]{subsection.4.4.1}{\376\377\0004\000.\0004\000.\0001\000\040\000D\000e\000t\000a\000i\000l\000e\000d\000\040\000D\000e\000s\000c\000r\000i\000p\000t\000i\000o\000n}{section.4.4}% 45
\BOOKMARK [2][-]{subsection.4.4.2}{\376\377\0004\000.\0004\000.\0002\000\040\000F\000u\000n\000c\000t\000i\000o\000n\000\040\000D\000o\000c\000u\000m\000e\000n\000t\000a\000t\000i\000o\000n}{section.4.4}% 46
\BOOKMARK [3][-]{subsubsection.4.4.2.1}{\376\377\0004\000.\0004\000.\0002\000.\0001\000\040\000i\000s\000s\000p\000a\000c\000e\000\050\000\051}{subsection.4.4.2}% 47
\BOOKMARK [1][-]{section.4.5}{\376\377\0004\000.\0005\000\040\000i\000n\000c\000l\000u\000d\000e\000/\000d\000a\000t\000a\000S\000t\000r\000u\000c\000t\000s\000.\000h\000\040\000F\000i\000l\000e\000\040\000R\000e\000f\000e\000r\000e\000n\000c\000e}{chapter.4}% 48
\BOOKMARK [2][-]{subsection.4.5.1}{\376\377\0004\000.\0005\000.\0001\000\040\000D\000e\000t\000a\000i\000l\000e\000d\000\040\000D\000e\000s\000c\000r\000i\000p\000t\000i\000o\000n}{section.4.5}% 49
\BOOKMARK [2][-]{subsection.4.5.2}{\376\377\0004\000.\0005\000.\0002\000\040\000F\000u\000n\000c\000t\000i\000o\000n\000\040\000D\000o\000c\000u\000m\000e\000n\000t\000a\000t\000i\000o\000n}{section.4.5}% 50
\BOOKMARK [3][-]{subsubsection.4.5.2.1}{\376\377\0004\000.\0005\000.\0002\000.\0001\000\040\000d\000e\000q\000u\000e\000u\000e\000\050\000\051}{subsection.4.5.2}% 51
\BOOKMARK [3][-]{subsubsection.4.5.2.2}{\376\377\0004\000.\0005\000.\0002\000.\0002\000\040\000e\000n\000q\000u\000e\000u\000e\000\050\000\051}{subsection.4.5.2}% 52
\BOOKMARK [3][-]{subsubsection.4.5.2.3}{\376\377\0004\000.\0005\000.\0002\000.\0003\000\040\000i\000o\000c\000b\000D\000e\000q\000u\000e\000u\000e\000\050\000\051}{subsection.4.5.2}% 53
\BOOKMARK [3][-]{subsubsection.4.5.2.4}{\376\377\0004\000.\0005\000.\0002\000.\0004\000\040\000i\000o\000c\000b\000E\000n\000q\000u\000e\000u\000e\000\050\000\051}{subsection.4.5.2}% 54
\BOOKMARK [3][-]{subsubsection.4.5.2.5}{\376\377\0004\000.\0005\000.\0002\000.\0005\000\040\000p\000c\000b\000\137\000a\000l\000l\000o\000c\000a\000t\000e\000\050\000\051}{subsection.4.5.2}% 55
\BOOKMARK [3][-]{subsubsection.4.5.2.6}{\376\377\0004\000.\0005\000.\0002\000.\0006\000\040\000p\000c\000b\000\137\000f\000i\000n\000d\000\050\000\051}{subsection.4.5.2}% 56
\BOOKMARK [3][-]{subsubsection.4.5.2.7}{\376\377\0004\000.\0005\000.\0002\000.\0007\000\040\000p\000c\000b\000\137\000f\000r\000e\000e\000\050\000\051}{subsection.4.5.2}% 57
\BOOKMARK [3][-]{subsubsection.4.5.2.8}{\376\377\0004\000.\0005\000.\0002\000.\0008\000\040\000p\000c\000b\000\137\000i\000n\000s\000e\000r\000t\000\050\000\051}{subsection.4.5.2}% 58
\BOOKMARK [3][-]{subsubsection.4.5.2.9}{\376\377\0004\000.\0005\000.\0002\000.\0009\000\040\000p\000c\000b\000\137\000r\000e\000m\000o\000v\000e\000\050\000\051}{subsection.4.5.2}% 59
\BOOKMARK [3][-]{subsubsection.4.5.2.10}{\376\377\0004\000.\0005\000.\0002\000.\0001\0000\000\040\000p\000c\000b\000\137\000s\000e\000t\000u\000p\000\050\000\051}{subsection.4.5.2}% 60
\BOOKMARK [3][-]{subsubsection.4.5.2.11}{\376\377\0004\000.\0005\000.\0002\000.\0001\0001\000\040\000p\000r\000i\000n\000t\000q\000\050\000\051}{subsection.4.5.2}% 61
\BOOKMARK [1][-]{section.4.6}{\376\377\0004\000.\0006\000\040\000i\000n\000c\000l\000u\000d\000e\000/\000m\000p\000x\000/\000i\000o\000.\000h\000\040\000F\000i\000l\000e\000\040\000R\000e\000f\000e\000r\000e\000n\000c\000e}{chapter.4}% 62
\BOOKMARK [2][-]{subsection.4.6.1}{\376\377\0004\000.\0006\000.\0001\000\040\000D\000e\000t\000a\000i\000l\000e\000d\000\040\000D\000e\000s\000c\000r\000i\000p\000t\000i\000o\000n}{section.4.6}% 63
\BOOKMARK [2][-]{subsection.4.6.2}{\376\377\0004\000.\0006\000.\0002\000\040\000M\000a\000c\000r\000o\000\040\000D\000e\000f\000i\000n\000i\000t\000i\000o\000n\000\040\000D\000o\000c\000u\000m\000e\000n\000t\000a\000t\000i\000o\000n}{section.4.6}% 64
\BOOKMARK [3][-]{subsubsection.4.6.2.1}{\376\377\0004\000.\0006\000.\0002\000.\0001\000\040\000i\000n\000b}{subsection.4.6.2}% 65
\BOOKMARK [3][-]{subsubsection.4.6.2.2}{\376\377\0004\000.\0006\000.\0002\000.\0002\000\040\000o\000u\000t\000b}{subsection.4.6.2}% 66
\BOOKMARK [1][-]{section.4.7}{\376\377\0004\000.\0007\000\040\000i\000n\000c\000l\000u\000d\000e\000/\000m\000p\000x\000/\000s\000e\000r\000i\000a\000l\000.\000h\000\040\000F\000i\000l\000e\000\040\000R\000e\000f\000e\000r\000e\000n\000c\000e}{chapter.4}% 67
\BOOKMARK [2][-]{subsection.4.7.1}{\376\377\0004\000.\0007\000.\0001\000\040\000D\000e\000t\000a\000i\000l\000e\000d\000\040\000D\000e\000s\000c\000r\000i\000p\000t\000i\000o\000n}{section.4.7}% 68
\BOOKMARK [2][-]{subsection.4.7.2}{\376\377\0004\000.\0007\000.\0002\000\040\000F\000u\000n\000c\000t\000i\000o\000n\000\040\000D\000o\000c\000u\000m\000e\000n\000t\000a\000t\000i\000o\000n}{section.4.7}% 69
\BOOKMARK [3][-]{subsubsection.4.7.2.1}{\376\377\0004\000.\0007\000.\0002\000.\0001\000\040\000b\000a\000c\000k\000s\000p\000a\000c\000e\000\050\000\051}{subsection.4.7.2}% 70
\BOOKMARK [3][-]{subsubsection.4.7.2.2}{\376\377\0004\000.\0007\000.\0002\000.\0002\000\040\000s\000e\000r\000i\000a\000l\000\137\000c\000l\000o\000s\000e\000\050\000\051}{subsection.4.7.2}% 71
\BOOKMARK [3][-]{subsubsection.4.7.2.3}{\376\377\0004\000.\0007\000.\0002\000.\0003\000\040\000s\000e\000r\000i\000a\000l\000\137\000i\000n\000i\000t\000\050\000\051}{subsection.4.7.2}% 72
\BOOKMARK [3][-]{subsubsection.4.7.2.4}{\376\377\0004\000.\0007\000.\0002\000.\0004\000\040\000s\000e\000r\000i\000a\000l\000\137\000i\000n\000p\000u\000t\000\137\000i\000n\000t\000e\000r\000r\000u\000p\000t\000\050\000\051}{subsection.4.7.2}% 73
\BOOKMARK [3][-]{subsubsection.4.7.2.5}{\376\377\0004\000.\0007\000.\0002\000.\0005\000\040\000s\000e\000r\000i\000a\000l\000\137\000i\000n\000t\000e\000r\000r\000u\000p\000t\000\050\000\051}{subsection.4.7.2}% 74
\BOOKMARK [3][-]{subsubsection.4.7.2.6}{\376\377\0004\000.\0007\000.\0002\000.\0006\000\040\000s\000e\000r\000i\000a\000l\000\137\000o\000p\000e\000n\000\050\000\051}{subsection.4.7.2}% 75
\BOOKMARK [3][-]{subsubsection.4.7.2.7}{\376\377\0004\000.\0007\000.\0002\000.\0007\000\040\000s\000e\000r\000i\000a\000l\000\137\000o\000u\000t\000\050\000\051}{subsection.4.7.2}% 76
\BOOKMARK [3][-]{subsubsection.4.7.2.8}{\376\377\0004\000.\0007\000.\0002\000.\0008\000\040\000s\000e\000r\000i\000a\000l\000\137\000o\000u\000t\000p\000u\000t\000\137\000i\000n\000t\000e\000r\000r\000u\000p\000t\000\050\000\051}{subsection.4.7.2}% 77
\BOOKMARK [3][-]{subsubsection.4.7.2.9}{\376\377\0004\000.\0007\000.\0002\000.\0009\000\040\000s\000e\000r\000i\000a\000l\000\137\000p\000o\000l\000l\000\050\000\051}{subsection.4.7.2}% 78
\BOOKMARK [3][-]{subsubsection.4.7.2.10}{\376\377\0004\000.\0007\000.\0002\000.\0001\0000\000\040\000s\000e\000r\000i\000a\000l\000\137\000r\000e\000a\000d\000\050\000\051}{subsection.4.7.2}% 79
\BOOKMARK [3][-]{subsubsection.4.7.2.11}{\376\377\0004\000.\0007\000.\0002\000.\0001\0001\000\040\000s\000e\000r\000i\000a\000l\000\137\000w\000r\000i\000t\000e\000\050\000\051}{subsection.4.7.2}% 80
\BOOKMARK [1][-]{section.4.8}{\376\377\0004\000.\0008\000\040\000i\000n\000c\000l\000u\000d\000e\000/\000s\000c\000h\000e\000d\000u\000l\000e\000r\000.\000h\000\040\000F\000i\000l\000e\000\040\000R\000e\000f\000e\000r\000e\000n\000c\000e}{chapter.4}% 81
\BOOKMARK [2][-]{subsection.4.8.1}{\376\377\0004\000.\0008\000.\0001\000\040\000D\000e\000t\000a\000i\000l\000e\000d\000\040\000D\000e\000s\000c\000r\000i\000p\000t\000i\000o\000n}{section.4.8}% 82
\BOOKMARK [2][-]{subsection.4.8.2}{\376\377\0004\000.\0008\000.\0002\000\040\000F\000u\000n\000c\000t\000i\000o\000n\000\040\000D\000o\000c\000u\000m\000e\000n\000t\000a\000t\000i\000o\000n}{section.4.8}% 83
\BOOKMARK [3][-]{subsubsection.4.8.2.1}{\376\377\0004\000.\0008\000.\0002\000.\0001\000\040\000i\000o\000C\000o\000m\000p\000l\000e\000t\000e\000\050\000\051}{subsection.4.8.2}% 84
\BOOKMARK [3][-]{subsubsection.4.8.2.2}{\376\377\0004\000.\0008\000.\0002\000.\0002\000\040\000i\000o\000S\000c\000h\000e\000d\000u\000l\000e\000\050\000\051}{subsection.4.8.2}% 85
\BOOKMARK [1][-]{section.4.9}{\376\377\0004\000.\0009\000\040\000i\000n\000c\000l\000u\000d\000e\000/\000s\000t\000d\000i\000o\000.\000h\000\040\000F\000i\000l\000e\000\040\000R\000e\000f\000e\000r\000e\000n\000c\000e}{chapter.4}% 86
\BOOKMARK [2][-]{subsection.4.9.1}{\376\377\0004\000.\0009\000.\0001\000\040\000D\000e\000t\000a\000i\000l\000e\000d\000\040\000D\000e\000s\000c\000r\000i\000p\000t\000i\000o\000n}{section.4.9}% 87
\BOOKMARK [2][-]{subsection.4.9.2}{\376\377\0004\000.\0009\000.\0002\000\040\000F\000u\000n\000c\000t\000i\000o\000n\000\040\000D\000o\000c\000u\000m\000e\000n\000t\000a\000t\000i\000o\000n}{section.4.9}% 88
\BOOKMARK [3][-]{subsubsection.4.9.2.1}{\376\377\0004\000.\0009\000.\0002\000.\0001\000\040\000p\000r\000i\000n\000t\000f\000\050\000\051}{subsection.4.9.2}% 89
\BOOKMARK [3][-]{subsubsection.4.9.2.2}{\376\377\0004\000.\0009\000.\0002\000.\0002\000\040\000p\000u\000t\000c\000\050\000\051}{subsection.4.9.2}% 90
\BOOKMARK [3][-]{subsubsection.4.9.2.3}{\376\377\0004\000.\0009\000.\0002\000.\0003\000\040\000p\000u\000t\000s\000\050\000\051}{subsection.4.9.2}% 91
\BOOKMARK [1][-]{section.4.10}{\376\377\0004\000.\0001\0000\000\040\000i\000n\000c\000l\000u\000d\000e\000/\000s\000t\000d\000l\000i\000b\000.\000h\000\040\000F\000i\000l\000e\000\040\000R\000e\000f\000e\000r\000e\000n\000c\000e}{chapter.4}% 92
\BOOKMARK [2][-]{subsection.4.10.1}{\376\377\0004\000.\0001\0000\000.\0001\000\040\000D\000e\000t\000a\000i\000l\000e\000d\000\040\000D\000e\000s\000c\000r\000i\000p\000t\000i\000o\000n}{section.4.10}% 93
\BOOKMARK [2][-]{subsection.4.10.2}{\376\377\0004\000.\0001\0000\000.\0002\000\040\000F\000u\000n\000c\000t\000i\000o\000n\000\040\000D\000o\000c\000u\000m\000e\000n\000t\000a\000t\000i\000o\000n}{section.4.10}% 94
\BOOKMARK [3][-]{subsubsection.4.10.2.1}{\376\377\0004\000.\0001\0000\000.\0002\000.\0001\000\040\000a\000t\000o\000i\000\050\000\051}{subsection.4.10.2}% 95
\BOOKMARK [3][-]{subsubsection.4.10.2.2}{\376\377\0004\000.\0001\0000\000.\0002\000.\0002\000\040\000f\000r\000o\000m\000B\000C\000D\000\050\000\051}{subsection.4.10.2}% 96
\BOOKMARK [3][-]{subsubsection.4.10.2.3}{\376\377\0004\000.\0001\0000\000.\0002\000.\0003\000\040\000h\000t\000o\000i\000\050\000\051}{subsection.4.10.2}% 97
\BOOKMARK [3][-]{subsubsection.4.10.2.4}{\376\377\0004\000.\0001\0000\000.\0002\000.\0004\000\040\000i\000t\000o\000a\000\050\000\051}{subsection.4.10.2}% 98
\BOOKMARK [3][-]{subsubsection.4.10.2.5}{\376\377\0004\000.\0001\0000\000.\0002\000.\0005\000\040\000t\000o\000B\000C\000D\000\050\000\051}{subsection.4.10.2}% 99
\BOOKMARK [1][-]{section.4.11}{\376\377\0004\000.\0001\0001\000\040\000i\000n\000c\000l\000u\000d\000e\000/\000s\000y\000s\000\137\000c\000a\000l\000l\000.\000h\000\040\000F\000i\000l\000e\000\040\000R\000e\000f\000e\000r\000e\000n\000c\000e}{chapter.4}% 100
\BOOKMARK [2][-]{subsection.4.11.1}{\376\377\0004\000.\0001\0001\000.\0001\000\040\000D\000e\000t\000a\000i\000l\000e\000d\000\040\000D\000e\000s\000c\000r\000i\000p\000t\000i\000o\000n}{section.4.11}% 101
\BOOKMARK [2][-]{subsection.4.11.2}{\376\377\0004\000.\0001\0001\000.\0002\000\040\000F\000u\000n\000c\000t\000i\000o\000n\000\040\000D\000o\000c\000u\000m\000e\000n\000t\000a\000t\000i\000o\000n}{section.4.11}% 102
\BOOKMARK [3][-]{subsubsection.4.11.2.1}{\376\377\0004\000.\0001\0001\000.\0002\000.\0001\000\040\000s\000y\000s\000\137\000c\000a\000l\000l\000\050\000\051}{subsection.4.11.2}% 103
