\BOOKMARK [0][-]{chapter.1}{\376\377\0001\000\040\000F\000i\000l\000e\000\040\000I\000n\000d\000e\000x}{}% 1
\BOOKMARK [1][-]{section.1.1}{\376\377\0001\000.\0001\000\040\000F\000i\000l\000e\000\040\000L\000i\000s\000t}{chapter.1}% 2
\BOOKMARK [0][-]{chapter.2}{\376\377\0002\000\040\000F\000i\000l\000e\000\040\000D\000o\000c\000u\000m\000e\000n\000t\000a\000t\000i\000o\000n}{}% 3
\BOOKMARK [1][-]{section.2.1}{\376\377\0002\000.\0001\000\040\000i\000n\000c\000l\000u\000d\000e\000/\000c\000o\000m\000h\000a\000n\000d\000.\000h\000\040\000F\000i\000l\000e\000\040\000R\000e\000f\000e\000r\000e\000n\000c\000e}{chapter.2}% 4
\BOOKMARK [2][-]{subsection.2.1.1}{\376\377\0002\000.\0001\000.\0001\000\040\000D\000e\000t\000a\000i\000l\000e\000d\000\040\000D\000e\000s\000c\000r\000i\000p\000t\000i\000o\000n}{section.2.1}% 5
\BOOKMARK [2][-]{subsection.2.1.2}{\376\377\0002\000.\0001\000.\0002\000\040\000F\000u\000n\000c\000t\000i\000o\000n\000\040\000D\000o\000c\000u\000m\000e\000n\000t\000a\000t\000i\000o\000n}{section.2.1}% 6
\BOOKMARK [3][-]{subsubsection.2.1.2.1}{\376\377\0002\000.\0001\000.\0002\000.\0001\000\040\000c\000o\000m\000h\000a\000n\000d\000\050\000\051}{subsection.2.1.2}% 7
\BOOKMARK [3][-]{subsubsection.2.1.2.2}{\376\377\0002\000.\0001\000.\0002\000.\0002\000\040\000g\000e\000t\000D\000a\000t\000e\000\050\000\051}{subsection.2.1.2}% 8
\BOOKMARK [3][-]{subsubsection.2.1.2.3}{\376\377\0002\000.\0001\000.\0002\000.\0003\000\040\000g\000e\000t\000T\000i\000m\000e\000\050\000\051}{subsection.2.1.2}% 9
\BOOKMARK [3][-]{subsubsection.2.1.2.4}{\376\377\0002\000.\0001\000.\0002\000.\0004\000\040\000h\000e\000l\000p\000\050\000\051}{subsection.2.1.2}% 10
\BOOKMARK [3][-]{subsubsection.2.1.2.5}{\376\377\0002\000.\0001\000.\0002\000.\0005\000\040\000p\000r\000i\000n\000t\000M\000e\000n\000u\000\050\000\051}{subsection.2.1.2}% 11
\BOOKMARK [3][-]{subsubsection.2.1.2.6}{\376\377\0002\000.\0001\000.\0002\000.\0006\000\040\000s\000e\000t\000D\000a\000t\000e\000\050\000\051}{subsection.2.1.2}% 12
\BOOKMARK [3][-]{subsubsection.2.1.2.7}{\376\377\0002\000.\0001\000.\0002\000.\0007\000\040\000s\000e\000t\000T\000i\000m\000e\000\050\000\051}{subsection.2.1.2}% 13
\BOOKMARK [3][-]{subsubsection.2.1.2.8}{\376\377\0002\000.\0001\000.\0002\000.\0008\000\040\000s\000h\000u\000t\000d\000o\000w\000n\000\050\000\051}{subsection.2.1.2}% 14
\BOOKMARK [3][-]{subsubsection.2.1.2.9}{\376\377\0002\000.\0001\000.\0002\000.\0009\000\040\000v\000e\000r\000s\000i\000o\000n\000\050\000\051}{subsection.2.1.2}% 15
\BOOKMARK [1][-]{section.2.2}{\376\377\0002\000.\0002\000\040\000i\000n\000c\000l\000u\000d\000e\000/\000c\000t\000y\000p\000e\000.\000h\000\040\000F\000i\000l\000e\000\040\000R\000e\000f\000e\000r\000e\000n\000c\000e}{chapter.2}% 16
\BOOKMARK [2][-]{subsection.2.2.1}{\376\377\0002\000.\0002\000.\0001\000\040\000D\000e\000t\000a\000i\000l\000e\000d\000\040\000D\000e\000s\000c\000r\000i\000p\000t\000i\000o\000n}{section.2.2}% 17
\BOOKMARK [2][-]{subsection.2.2.2}{\376\377\0002\000.\0002\000.\0002\000\040\000F\000u\000n\000c\000t\000i\000o\000n\000\040\000D\000o\000c\000u\000m\000e\000n\000t\000a\000t\000i\000o\000n}{section.2.2}% 18
\BOOKMARK [3][-]{subsubsection.2.2.2.1}{\376\377\0002\000.\0002\000.\0002\000.\0001\000\040\000i\000s\000s\000p\000a\000c\000e\000\050\000\051}{subsection.2.2.2}% 19
\BOOKMARK [1][-]{section.2.3}{\376\377\0002\000.\0003\000\040\000i\000n\000c\000l\000u\000d\000e\000/\000m\000e\000m\000o\000r\000y\000.\000h\000\040\000F\000i\000l\000e\000\040\000R\000e\000f\000e\000r\000e\000n\000c\000e}{chapter.2}% 20
\BOOKMARK [1][-]{section.2.4}{\376\377\0002\000.\0004\000\040\000i\000n\000c\000l\000u\000d\000e\000/\000m\000p\000x\000/\000g\000d\000t\000.\000h\000\040\000F\000i\000l\000e\000\040\000R\000e\000f\000e\000r\000e\000n\000c\000e}{chapter.2}% 21
\BOOKMARK [2][-]{subsection.2.4.1}{\376\377\0002\000.\0004\000.\0001\000\040\000D\000e\000t\000a\000i\000l\000e\000d\000\040\000D\000e\000s\000c\000r\000i\000p\000t\000i\000o\000n}{section.2.4}% 22
\BOOKMARK [2][-]{subsection.2.4.2}{\376\377\0002\000.\0004\000.\0002\000\040\000F\000u\000n\000c\000t\000i\000o\000n\000\040\000D\000o\000c\000u\000m\000e\000n\000t\000a\000t\000i\000o\000n}{section.2.4}% 23
\BOOKMARK [3][-]{subsubsection.2.4.2.1}{\376\377\0002\000.\0004\000.\0002\000.\0001\000\040\000g\000d\000t\000\137\000i\000n\000i\000t\000\050\000\051}{subsection.2.4.2}% 24
\BOOKMARK [1][-]{section.2.5}{\376\377\0002\000.\0005\000\040\000i\000n\000c\000l\000u\000d\000e\000/\000m\000p\000x\000/\000i\000n\000t\000e\000r\000r\000u\000p\000t\000s\000.\000h\000\040\000F\000i\000l\000e\000\040\000R\000e\000f\000e\000r\000e\000n\000c\000e}{chapter.2}% 25
\BOOKMARK [2][-]{subsection.2.5.1}{\376\377\0002\000.\0005\000.\0001\000\040\000D\000e\000t\000a\000i\000l\000e\000d\000\040\000D\000e\000s\000c\000r\000i\000p\000t\000i\000o\000n}{section.2.5}% 26
\BOOKMARK [2][-]{subsection.2.5.2}{\376\377\0002\000.\0005\000.\0002\000\040\000M\000a\000c\000r\000o\000\040\000D\000e\000f\000i\000n\000i\000t\000i\000o\000n\000\040\000D\000o\000c\000u\000m\000e\000n\000t\000a\000t\000i\000o\000n}{section.2.5}% 27
\BOOKMARK [3][-]{subsubsection.2.5.2.1}{\376\377\0002\000.\0005\000.\0002\000.\0001\000\040\000c\000l\000i}{subsection.2.5.2}% 28
\BOOKMARK [3][-]{subsubsection.2.5.2.2}{\376\377\0002\000.\0005\000.\0002\000.\0002\000\040\000s\000t\000i}{subsection.2.5.2}% 29
\BOOKMARK [2][-]{subsection.2.5.3}{\376\377\0002\000.\0005\000.\0003\000\040\000F\000u\000n\000c\000t\000i\000o\000n\000\040\000D\000o\000c\000u\000m\000e\000n\000t\000a\000t\000i\000o\000n}{section.2.5}% 30
\BOOKMARK [3][-]{subsubsection.2.5.3.1}{\376\377\0002\000.\0005\000.\0003\000.\0001\000\040\000i\000d\000t\000\137\000i\000n\000i\000t\000\050\000\051}{subsection.2.5.3}% 31
\BOOKMARK [3][-]{subsubsection.2.5.3.2}{\376\377\0002\000.\0005\000.\0003\000.\0002\000\040\000i\000d\000t\000\137\000i\000n\000s\000t\000a\000l\000l\000\050\000\051}{subsection.2.5.3}% 32
\BOOKMARK [3][-]{subsubsection.2.5.3.3}{\376\377\0002\000.\0005\000.\0003\000.\0003\000\040\000i\000r\000q\000\137\000i\000n\000i\000t\000\050\000\051}{subsection.2.5.3}% 33
\BOOKMARK [3][-]{subsubsection.2.5.3.4}{\376\377\0002\000.\0005\000.\0003\000.\0004\000\040\000p\000i\000c\000\137\000i\000n\000i\000t\000\050\000\051}{subsection.2.5.3}% 34
\BOOKMARK [1][-]{section.2.6}{\376\377\0002\000.\0006\000\040\000i\000n\000c\000l\000u\000d\000e\000/\000m\000p\000x\000/\000i\000o\000.\000h\000\040\000F\000i\000l\000e\000\040\000R\000e\000f\000e\000r\000e\000n\000c\000e}{chapter.2}% 35
\BOOKMARK [2][-]{subsection.2.6.1}{\376\377\0002\000.\0006\000.\0001\000\040\000D\000e\000t\000a\000i\000l\000e\000d\000\040\000D\000e\000s\000c\000r\000i\000p\000t\000i\000o\000n}{section.2.6}% 36
\BOOKMARK [2][-]{subsection.2.6.2}{\376\377\0002\000.\0006\000.\0002\000\040\000M\000a\000c\000r\000o\000\040\000D\000e\000f\000i\000n\000i\000t\000i\000o\000n\000\040\000D\000o\000c\000u\000m\000e\000n\000t\000a\000t\000i\000o\000n}{section.2.6}% 37
\BOOKMARK [3][-]{subsubsection.2.6.2.1}{\376\377\0002\000.\0006\000.\0002\000.\0001\000\040\000i\000n\000b}{subsection.2.6.2}% 38
\BOOKMARK [3][-]{subsubsection.2.6.2.2}{\376\377\0002\000.\0006\000.\0002\000.\0002\000\040\000o\000u\000t\000b}{subsection.2.6.2}% 39
\BOOKMARK [1][-]{section.2.7}{\376\377\0002\000.\0007\000\040\000i\000n\000c\000l\000u\000d\000e\000/\000m\000p\000x\000/\000p\000a\000n\000i\000c\000.\000h\000\040\000F\000i\000l\000e\000\040\000R\000e\000f\000e\000r\000e\000n\000c\000e}{chapter.2}% 40
\BOOKMARK [2][-]{subsection.2.7.1}{\376\377\0002\000.\0007\000.\0001\000\040\000D\000e\000t\000a\000i\000l\000e\000d\000\040\000D\000e\000s\000c\000r\000i\000p\000t\000i\000o\000n}{section.2.7}% 41
\BOOKMARK [2][-]{subsection.2.7.2}{\376\377\0002\000.\0007\000.\0002\000\040\000F\000u\000n\000c\000t\000i\000o\000n\000\040\000D\000o\000c\000u\000m\000e\000n\000t\000a\000t\000i\000o\000n}{section.2.7}% 42
\BOOKMARK [3][-]{subsubsection.2.7.2.1}{\376\377\0002\000.\0007\000.\0002\000.\0001\000\040\000\137\000\137\000a\000t\000t\000r\000i\000b\000u\000t\000e\000\137\000\137\000\050\000\051}{subsection.2.7.2}% 43
\BOOKMARK [1][-]{section.2.8}{\376\377\0002\000.\0008\000\040\000i\000n\000c\000l\000u\000d\000e\000/\000m\000p\000x\000/\000s\000e\000r\000i\000a\000l\000.\000h\000\040\000F\000i\000l\000e\000\040\000R\000e\000f\000e\000r\000e\000n\000c\000e}{chapter.2}% 44
\BOOKMARK [2][-]{subsection.2.8.1}{\376\377\0002\000.\0008\000.\0001\000\040\000D\000e\000t\000a\000i\000l\000e\000d\000\040\000D\000e\000s\000c\000r\000i\000p\000t\000i\000o\000n}{section.2.8}% 45
\BOOKMARK [2][-]{subsection.2.8.2}{\376\377\0002\000.\0008\000.\0002\000\040\000F\000u\000n\000c\000t\000i\000o\000n\000\040\000D\000o\000c\000u\000m\000e\000n\000t\000a\000t\000i\000o\000n}{section.2.8}% 46
\BOOKMARK [3][-]{subsubsection.2.8.2.1}{\376\377\0002\000.\0008\000.\0002\000.\0001\000\040\000b\000a\000c\000k\000s\000p\000a\000c\000e\000\050\000\051}{subsection.2.8.2}% 47
\BOOKMARK [3][-]{subsubsection.2.8.2.2}{\376\377\0002\000.\0008\000.\0002\000.\0002\000\040\000s\000e\000r\000i\000a\000l\000\137\000i\000n\000i\000t\000\050\000\051}{subsection.2.8.2}% 48
\BOOKMARK [3][-]{subsubsection.2.8.2.3}{\376\377\0002\000.\0008\000.\0002\000.\0003\000\040\000s\000e\000r\000i\000a\000l\000\137\000o\000u\000t\000\050\000\051}{subsection.2.8.2}% 49
\BOOKMARK [3][-]{subsubsection.2.8.2.4}{\376\377\0002\000.\0008\000.\0002\000.\0004\000\040\000s\000e\000r\000i\000a\000l\000\137\000p\000o\000l\000l\000\050\000\051}{subsection.2.8.2}% 50
\BOOKMARK [1][-]{section.2.9}{\376\377\0002\000.\0009\000\040\000i\000n\000c\000l\000u\000d\000e\000/\000m\000p\000x\000/\000v\000m\000.\000h\000\040\000F\000i\000l\000e\000\040\000R\000e\000f\000e\000r\000e\000n\000c\000e}{chapter.2}% 51
\BOOKMARK [2][-]{subsection.2.9.1}{\376\377\0002\000.\0009\000.\0001\000\040\000D\000e\000t\000a\000i\000l\000e\000d\000\040\000D\000e\000s\000c\000r\000i\000p\000t\000i\000o\000n}{section.2.9}% 52
\BOOKMARK [2][-]{subsection.2.9.2}{\376\377\0002\000.\0009\000.\0002\000\040\000F\000u\000n\000c\000t\000i\000o\000n\000\040\000D\000o\000c\000u\000m\000e\000n\000t\000a\000t\000i\000o\000n}{section.2.9}% 53
\BOOKMARK [3][-]{subsubsection.2.9.2.1}{\376\377\0002\000.\0009\000.\0002\000.\0001\000\040\000k\000m\000a\000l\000l\000o\000c\000\050\000\051}{subsection.2.9.2}% 54
\BOOKMARK [3][-]{subsubsection.2.9.2.2}{\376\377\0002\000.\0009\000.\0002\000.\0002\000\040\000v\000m\000\137\000i\000n\000i\000t\000\050\000\051}{subsection.2.9.2}% 55
\BOOKMARK [1][-]{section.2.10}{\376\377\0002\000.\0001\0000\000\040\000i\000n\000c\000l\000u\000d\000e\000/\000p\000r\000o\000c\000e\000s\000s\000e\000s\000.\000h\000\040\000F\000i\000l\000e\000\040\000R\000e\000f\000e\000r\000e\000n\000c\000e}{chapter.2}% 56
\BOOKMARK [2][-]{subsection.2.10.1}{\376\377\0002\000.\0001\0000\000.\0001\000\040\000D\000e\000t\000a\000i\000l\000e\000d\000\040\000D\000e\000s\000c\000r\000i\000p\000t\000i\000o\000n}{section.2.10}% 57
\BOOKMARK [2][-]{subsection.2.10.2}{\376\377\0002\000.\0001\0000\000.\0002\000\040\000F\000u\000n\000c\000t\000i\000o\000n\000\040\000D\000o\000c\000u\000m\000e\000n\000t\000a\000t\000i\000o\000n}{section.2.10}% 58
\BOOKMARK [3][-]{subsubsection.2.10.2.1}{\376\377\0002\000.\0001\0000\000.\0002\000.\0001\000\040\000p\000r\000o\000c\0001\000\050\000\051}{subsection.2.10.2}% 59
\BOOKMARK [3][-]{subsubsection.2.10.2.2}{\376\377\0002\000.\0001\0000\000.\0002\000.\0002\000\040\000p\000r\000o\000c\0002\000\050\000\051}{subsection.2.10.2}% 60
\BOOKMARK [3][-]{subsubsection.2.10.2.3}{\376\377\0002\000.\0001\0000\000.\0002\000.\0003\000\040\000p\000r\000o\000c\0003\000\050\000\051}{subsection.2.10.2}% 61
\BOOKMARK [3][-]{subsubsection.2.10.2.4}{\376\377\0002\000.\0001\0000\000.\0002\000.\0004\000\040\000p\000r\000o\000c\0004\000\050\000\051}{subsection.2.10.2}% 62
\BOOKMARK [3][-]{subsubsection.2.10.2.5}{\376\377\0002\000.\0001\0000\000.\0002\000.\0005\000\040\000p\000r\000o\000c\0005\000\050\000\051}{subsection.2.10.2}% 63
\BOOKMARK [3][-]{subsubsection.2.10.2.6}{\376\377\0002\000.\0001\0000\000.\0002\000.\0006\000\040\000s\000y\000s\000\137\000i\000d\000l\000e\000\137\000p\000r\000o\000c\000e\000s\000s\000\050\000\051}{subsection.2.10.2}% 64
\BOOKMARK [1][-]{section.2.11}{\376\377\0002\000.\0001\0001\000\040\000i\000n\000c\000l\000u\000d\000e\000/\000s\000t\000d\000i\000o\000.\000h\000\040\000F\000i\000l\000e\000\040\000R\000e\000f\000e\000r\000e\000n\000c\000e}{chapter.2}% 65
\BOOKMARK [2][-]{subsection.2.11.1}{\376\377\0002\000.\0001\0001\000.\0001\000\040\000D\000e\000t\000a\000i\000l\000e\000d\000\040\000D\000e\000s\000c\000r\000i\000p\000t\000i\000o\000n}{section.2.11}% 66
\BOOKMARK [2][-]{subsection.2.11.2}{\376\377\0002\000.\0001\0001\000.\0002\000\040\000F\000u\000n\000c\000t\000i\000o\000n\000\040\000D\000o\000c\000u\000m\000e\000n\000t\000a\000t\000i\000o\000n}{section.2.11}% 67
\BOOKMARK [3][-]{subsubsection.2.11.2.1}{\376\377\0002\000.\0001\0001\000.\0002\000.\0001\000\040\000p\000r\000i\000n\000t\000f\000\050\000\051}{subsection.2.11.2}% 68
\BOOKMARK [3][-]{subsubsection.2.11.2.2}{\376\377\0002\000.\0001\0001\000.\0002\000.\0002\000\040\000p\000u\000t\000c\000\050\000\051}{subsection.2.11.2}% 69
\BOOKMARK [3][-]{subsubsection.2.11.2.3}{\376\377\0002\000.\0001\0001\000.\0002\000.\0003\000\040\000p\000u\000t\000s\000\050\000\051}{subsection.2.11.2}% 70
\BOOKMARK [1][-]{section.2.12}{\376\377\0002\000.\0001\0002\000\040\000i\000n\000c\000l\000u\000d\000e\000/\000s\000t\000d\000l\000i\000b\000.\000h\000\040\000F\000i\000l\000e\000\040\000R\000e\000f\000e\000r\000e\000n\000c\000e}{chapter.2}% 71
\BOOKMARK [2][-]{subsection.2.12.1}{\376\377\0002\000.\0001\0002\000.\0001\000\040\000D\000e\000t\000a\000i\000l\000e\000d\000\040\000D\000e\000s\000c\000r\000i\000p\000t\000i\000o\000n}{section.2.12}% 72
\BOOKMARK [2][-]{subsection.2.12.2}{\376\377\0002\000.\0001\0002\000.\0002\000\040\000F\000u\000n\000c\000t\000i\000o\000n\000\040\000D\000o\000c\000u\000m\000e\000n\000t\000a\000t\000i\000o\000n}{section.2.12}% 73
\BOOKMARK [3][-]{subsubsection.2.12.2.1}{\376\377\0002\000.\0001\0002\000.\0002\000.\0001\000\040\000a\000t\000o\000i\000\050\000\051}{subsection.2.12.2}% 74
\BOOKMARK [3][-]{subsubsection.2.12.2.2}{\376\377\0002\000.\0001\0002\000.\0002\000.\0002\000\040\000i\000s\000d\000i\000g\000i\000t\000\050\000\051}{subsection.2.12.2}% 75
\BOOKMARK [3][-]{subsubsection.2.12.2.3}{\376\377\0002\000.\0001\0002\000.\0002\000.\0003\000\040\000i\000t\000o\000a\000\050\000\051}{subsection.2.12.2}% 76
\BOOKMARK [3][-]{subsubsection.2.12.2.4}{\376\377\0002\000.\0001\0002\000.\0002\000.\0004\000\040\000s\000t\000r\000t\000o\000b\000c\000d\000\050\000\051}{subsection.2.12.2}% 77
\BOOKMARK [1][-]{section.2.13}{\376\377\0002\000.\0001\0003\000\040\000i\000n\000c\000l\000u\000d\000e\000/\000s\000t\000r\000i\000n\000g\000.\000h\000\040\000F\000i\000l\000e\000\040\000R\000e\000f\000e\000r\000e\000n\000c\000e}{chapter.2}% 78
\BOOKMARK [2][-]{subsection.2.13.1}{\376\377\0002\000.\0001\0003\000.\0001\000\040\000D\000e\000t\000a\000i\000l\000e\000d\000\040\000D\000e\000s\000c\000r\000i\000p\000t\000i\000o\000n}{section.2.13}% 79
\BOOKMARK [2][-]{subsection.2.13.2}{\376\377\0002\000.\0001\0003\000.\0002\000\040\000F\000u\000n\000c\000t\000i\000o\000n\000\040\000D\000o\000c\000u\000m\000e\000n\000t\000a\000t\000i\000o\000n}{section.2.13}% 80
\BOOKMARK [3][-]{subsubsection.2.13.2.1}{\376\377\0002\000.\0001\0003\000.\0002\000.\0001\000\040\000m\000e\000m\000c\000p\000y\000\050\000\051}{subsection.2.13.2}% 81
\BOOKMARK [3][-]{subsubsection.2.13.2.2}{\376\377\0002\000.\0001\0003\000.\0002\000.\0002\000\040\000m\000e\000m\000s\000e\000t\000\050\000\051}{subsection.2.13.2}% 82
\BOOKMARK [3][-]{subsubsection.2.13.2.3}{\376\377\0002\000.\0001\0003\000.\0002\000.\0003\000\040\000s\000t\000r\000c\000m\000p\000\050\000\051}{subsection.2.13.2}% 83
\BOOKMARK [3][-]{subsubsection.2.13.2.4}{\376\377\0002\000.\0001\0003\000.\0002\000.\0004\000\040\000s\000t\000r\000c\000m\000p\000\137\000i\000c\000\050\000\051}{subsection.2.13.2}% 84
\BOOKMARK [3][-]{subsubsection.2.13.2.5}{\376\377\0002\000.\0001\0003\000.\0002\000.\0005\000\040\000s\000t\000r\000l\000e\000n\000\050\000\051}{subsection.2.13.2}% 85
\BOOKMARK [3][-]{subsubsection.2.13.2.6}{\376\377\0002\000.\0001\0003\000.\0002\000.\0006\000\040\000s\000t\000r\000t\000o\000k\000\050\000\051}{subsection.2.13.2}% 86
\BOOKMARK [1][-]{section.2.14}{\376\377\0002\000.\0001\0004\000\040\000i\000n\000c\000l\000u\000d\000e\000/\000s\000y\000s\000\137\000r\000e\000q\000.\000h\000\040\000F\000i\000l\000e\000\040\000R\000e\000f\000e\000r\000e\000n\000c\000e}{chapter.2}% 87
\BOOKMARK [2][-]{subsection.2.14.1}{\376\377\0002\000.\0001\0004\000.\0001\000\040\000D\000e\000t\000a\000i\000l\000e\000d\000\040\000D\000e\000s\000c\000r\000i\000p\000t\000i\000o\000n}{section.2.14}% 88
\BOOKMARK [2][-]{subsection.2.14.2}{\376\377\0002\000.\0001\0004\000.\0002\000\040\000F\000u\000n\000c\000t\000i\000o\000n\000\040\000D\000o\000c\000u\000m\000e\000n\000t\000a\000t\000i\000o\000n}{section.2.14}% 89
\BOOKMARK [3][-]{subsubsection.2.14.2.1}{\376\377\0002\000.\0001\0004\000.\0002\000.\0001\000\040\000s\000y\000s\000\137\000r\000e\000q\000\050\000\051}{subsection.2.14.2}% 90
