2023.08.23 15:04:40 INFO  Started: Metals version 1.0.0 in folders '\\wsl.localhost\Ubuntu-20.04\home\noahmarner\Jithub' for client Visual Studio Code 1.81.1.
Aug 23, 2023 3:04:40 PM org.flywaydb.core.internal.license.VersionPrinter printVersionOnly
INFO: Flyway Community Edition 9.20.1 by Redgate
Aug 23, 2023 3:04:40 PM org.flywaydb.core.internal.license.VersionPrinter printVersion
INFO: See release notes here: https://rd.gt/416ObMi
Aug 23, 2023 3:04:40 PM org.flywaydb.core.internal.license.VersionPrinter printVersion
INFO: 
2023.08.23 15:04:41 WARN  resetting database: \\wsl.localhost\Ubuntu-20.04\home\noahmarner\Jithub\.metals\metals.h2.db
2023.08.23 15:04:41 ERROR org.flywaydb.core.internal.exception.FlywaySqlException: Unable to obtain connection from database (jdbc:h2:file:\\wsl.localhost\Ubuntu-20.04\home\noahmarner\Jithub\.metals\metals;AUTO_SERVER=TRUE) for user 'sa': Feature not supported: "AUTO_SERVER=TRUE && (readOnly || inMemory || FILE_LOCK=NO || FILE_LOCK=FS)" [50100-214]
---------------------------------------------------------------------------------------------------------------------------------------------------------------------------------------------------------------------------------------------------------------------------
SQL State  : HYC00
Error Code : 50100
Message    : Feature not supported: "AUTO_SERVER=TRUE && (readOnly || inMemory || FILE_LOCK=NO || FILE_LOCK=FS)" [50100-214]

	at org.flywaydb.core.internal.jdbc.JdbcUtils.openConnection(JdbcUtils.java:60)
	at org.flywaydb.core.internal.jdbc.JdbcConnectionFactory.<init>(JdbcConnectionFactory.java:74)
	at org.flywaydb.core.FlywayExecutor.execute(FlywayExecutor.java:140)
	at org.flywaydb.core.Flyway.clean(Flyway.java:234)
	at scala.meta.internal.metals.Tables.migrateOrRestart(Tables.scala:156)
	at scala.meta.internal.metals.Tables.tryUrl(Tables.scala:144)
	at scala.meta.internal.metals.Tables.persistentConnection(Tables.scala:138)
	at scala.meta.internal.metals.Tables.tryAutoServer(Tables.scala:81)
	at scala.meta.internal.metals.Tables.connect(Tables.scala:48)
	at scala.meta.internal.metals.Tables.connection(Tables.scala:74)
	at scala.meta.internal.metals.Tables.$anonfun$fingerprints$1(Tables.scala:39)
	at scala.meta.internal.metals.Fingerprints.load(Fingerprints.scala:52)
	at scala.meta.internal.metals.MetalsLspService.loadFingerPrints(MetalsLspService.scala:848)
	at scala.meta.internal.metals.WorkspaceLspService.$anonfun$initialize$3(WorkspaceLspService.scala:993)
	at scala.meta.internal.metals.WorkspaceLspService.$anonfun$initialize$3$adapted(WorkspaceLspService.scala:993)
	at scala.collection.immutable.List.foreach(List.scala:333)
	at scala.meta.internal.metals.WorkspaceLspService.$anonfun$initialize$2(WorkspaceLspService.scala:993)
	at scala.concurrent.Future$.$anonfun$apply$1(Future.scala:687)
	at scala.concurrent.impl.Promise$Transformation.run(Promise.scala:467)
	at java.util.concurrent.ThreadPoolExecutor.runWorker(ThreadPoolExecutor.java:1128)
	at java.util.concurrent.ThreadPoolExecutor$Worker.run(ThreadPoolExecutor.java:628)
	at java.lang.Thread.run(Thread.java:829)
Caused by: org.h2.jdbc.JdbcSQLFeatureNotSupportedException: Feature not supported: "AUTO_SERVER=TRUE && (readOnly || inMemory || FILE_LOCK=NO || FILE_LOCK=FS)" [50100-214]
	at org.h2.message.DbException.getJdbcSQLException(DbException.java:556)
	at org.h2.message.DbException.getJdbcSQLException(DbException.java:477)
	at org.h2.message.DbException.get(DbException.java:223)
	at org.h2.message.DbException.get(DbException.java:199)
	at org.h2.message.DbException.getUnsupportedException(DbException.java:287)
	at org.h2.engine.Database.<init>(Database.java:304)
	at org.h2.engine.Engine.openSession(Engine.java:92)
	at org.h2.engine.Engine.openSession(Engine.java:222)
	at org.h2.engine.Engine.createSession(Engine.java:201)
	at org.h2.engine.SessionRemote.connectEmbeddedOrServer(SessionRemote.java:338)
	at org.h2.jdbc.JdbcConnection.<init>(JdbcConnection.java:122)
	at org.h2.Driver.connect(Driver.java:59)
	at org.flywaydb.core.internal.jdbc.DriverDataSource.getConnectionFromDriver(DriverDataSource.java:258)
	at org.flywaydb.core.internal.jdbc.DriverDataSource.getConnection(DriverDataSource.java:223)
	at org.flywaydb.core.internal.jdbc.JdbcUtils.openConnection(JdbcUtils.java:48)
	at org.flywaydb.core.internal.jdbc.JdbcConnectionFactory.<init>(JdbcConnectionFactory.java:74)
	at org.flywaydb.core.FlywayExecutor.execute(FlywayExecutor.java:140)
	at org.flywaydb.core.Flyway.clean(Flyway.java:234)
	at scala.meta.internal.metals.Tables.migrateOrRestart(Tables.scala:156)
	at scala.meta.internal.metals.Tables.tryUrl(Tables.scala:144)
	at scala.meta.internal.metals.Tables.persistentConnection(Tables.scala:138)
	at scala.meta.internal.metals.Tables.tryAutoServer(Tables.scala:81)
	at scala.meta.internal.metals.Tables.connect(Tables.scala:48)
	at scala.meta.internal.metals.Tables.connection(Tables.scala:74)
	at scala.meta.internal.metals.Tables.$anonfun$fingerprints$1(Tables.scala:39)
	at scala.meta.internal.metals.Fingerprints.load(Fingerprints.scala:52)
	at scala.meta.internal.metals.MetalsLspService.loadFingerPrints(MetalsLspService.scala:848)
	at scala.meta.internal.metals.WorkspaceLspService.$anonfun$initialize$3(WorkspaceLspService.scala:993)
	at scala.meta.internal.metals.WorkspaceLspService.$anonfun$initialize$3$adapted(WorkspaceLspService.scala:993)
	at scala.collection.immutable.List.foreach(List.scala:333)
	at scala.meta.internal.metals.WorkspaceLspService.$anonfun$initialize$2(WorkspaceLspService.scala:993)
	at scala.concurrent.Future$.$anonfun$apply$1(Future.scala:687)
	at scala.concurrent.impl.Promise$Transformation.run(Promise.scala:467)
	at java.util.concurrent.ThreadPoolExecutor.runWorker(ThreadPoolExecutor.java:1128)
	at java.util.concurrent.ThreadPoolExecutor$Worker.run(ThreadPoolExecutor.java:628)
	at java.lang.Thread.run(Thread.java:829)

2023.08.23 15:04:41 WARN  resetting database: \\wsl.localhost\Ubuntu-20.04\home\noahmarner\Jithub\.metals\metals.h2.db
2023.08.23 15:04:41 ERROR unable to setup persistent H2 database with AUTO_SERVER=false, falling back to in-memory database. This means you may be redundantly asked to execute 'Import build', even if it's not needed. Also, code navigation will not work for existing files in the .metals/readonly/ directory. To fix this problem, make sure you only have one running Metals server in the directory '\\wsl.localhost\Ubuntu-20.04\home\noahmarner\Jithub'.
org.flywaydb.core.internal.exception.FlywaySqlException: Unable to obtain connection from database (jdbc:h2:file:\\wsl.localhost\Ubuntu-20.04\home\noahmarner\Jithub\.metals\metals;AUTO_SERVER=TRUE) for user 'sa': Feature not supported: "AUTO_SERVER=TRUE && (readOnly || inMemory || FILE_LOCK=NO || FILE_LOCK=FS)" [50100-214]
---------------------------------------------------------------------------------------------------------------------------------------------------------------------------------------------------------------------------------------------------------------------------
SQL State  : HYC00
Error Code : 50100
Message    : Feature not supported: "AUTO_SERVER=TRUE && (readOnly || inMemory || FILE_LOCK=NO || FILE_LOCK=FS)" [50100-214]

	at org.flywaydb.core.internal.jdbc.JdbcUtils.openConnection(JdbcUtils.java:60)
	at org.flywaydb.core.internal.jdbc.JdbcConnectionFactory.<init>(JdbcConnectionFactory.java:74)
	at org.flywaydb.core.FlywayExecutor.execute(FlywayExecutor.java:140)
	at org.flywaydb.core.Flyway.clean(Flyway.java:234)
	at scala.meta.internal.metals.Tables.migrateOrRestart(Tables.scala:156)
	at scala.meta.internal.metals.Tables.tryUrl(Tables.scala:144)
	at scala.meta.internal.metals.Tables.persistentConnection(Tables.scala:138)
	at scala.meta.internal.metals.Tables.tryNoAutoServer(Tables.scala:98)
	at scala.meta.internal.metals.Tables.tryAutoServer(Tables.scala:92)
	at scala.meta.internal.metals.Tables.connect(Tables.scala:48)
	at scala.meta.internal.metals.Tables.connection(Tables.scala:74)
	at scala.meta.internal.metals.Tables.$anonfun$fingerprints$1(Tables.scala:39)
	at scala.meta.internal.metals.Fingerprints.load(Fingerprints.scala:52)
	at scala.meta.internal.metals.MetalsLspService.loadFingerPrints(MetalsLspService.scala:848)
	at scala.meta.internal.metals.WorkspaceLspService.$anonfun$initialize$3(WorkspaceLspService.scala:993)
	at scala.meta.internal.metals.WorkspaceLspService.$anonfun$initialize$3$adapted(WorkspaceLspService.scala:993)
	at scala.collection.immutable.List.foreach(List.scala:333)
	at scala.meta.internal.metals.WorkspaceLspService.$anonfun$initialize$2(WorkspaceLspService.scala:993)
	at scala.concurrent.Future$.$anonfun$apply$1(Future.scala:687)
	at scala.concurrent.impl.Promise$Transformation.run(Promise.scala:467)
	at java.util.concurrent.ThreadPoolExecutor.runWorker(ThreadPoolExecutor.java:1128)
	at java.util.concurrent.ThreadPoolExecutor$Worker.run(ThreadPoolExecutor.java:628)
	at java.lang.Thread.run(Thread.java:829)
Caused by: org.h2.jdbc.JdbcSQLFeatureNotSupportedException: Feature not supported: "AUTO_SERVER=TRUE && (readOnly || inMemory || FILE_LOCK=NO || FILE_LOCK=FS)" [50100-214]
	at org.h2.message.DbException.getJdbcSQLException(DbException.java:556)
	at org.h2.message.DbException.getJdbcSQLException(DbException.java:477)
	at org.h2.message.DbException.get(DbException.java:223)
	at org.h2.message.DbException.get(DbException.java:199)
	at org.h2.message.DbException.getUnsupportedException(DbException.java:287)
	at org.h2.engine.Database.<init>(Database.java:304)
	at org.h2.engine.Engine.openSession(Engine.java:92)
	at org.h2.engine.Engine.openSession(Engine.java:222)
	at org.h2.engine.Engine.createSession(Engine.java:201)
	at org.h2.engine.SessionRemote.connectEmbeddedOrServer(SessionRemote.java:338)
	at org.h2.jdbc.JdbcConnection.<init>(JdbcConnection.java:122)
	at org.h2.Driver.connect(Driver.java:59)
	at org.flywaydb.core.internal.jdbc.DriverDataSource.getConnectionFromDriver(DriverDataSource.java:258)
	at org.flywaydb.core.internal.jdbc.DriverDataSource.getConnection(DriverDataSource.java:223)
	at org.flywaydb.core.internal.jdbc.JdbcUtils.openConnection(JdbcUtils.java:48)
	at org.flywaydb.core.internal.jdbc.JdbcConnectionFactory.<init>(JdbcConnectionFactory.java:74)
	at org.flywaydb.core.FlywayExecutor.execute(FlywayExecutor.java:140)
	at org.flywaydb.core.Flyway.clean(Flyway.java:234)
	at scala.meta.internal.metals.Tables.migrateOrRestart(Tables.scala:156)
	at scala.meta.internal.metals.Tables.tryUrl(Tables.scala:144)
	at scala.meta.internal.metals.Tables.persistentConnection(Tables.scala:138)
	at scala.meta.internal.metals.Tables.tryNoAutoServer(Tables.scala:98)
	at scala.meta.internal.metals.Tables.tryAutoServer(Tables.scala:92)
	at scala.meta.internal.metals.Tables.connect(Tables.scala:48)
	at scala.meta.internal.metals.Tables.connection(Tables.scala:74)
	at scala.meta.internal.metals.Tables.$anonfun$fingerprints$1(Tables.scala:39)
	at scala.meta.internal.metals.Fingerprints.load(Fingerprints.scala:52)
	at scala.meta.internal.metals.MetalsLspService.loadFingerPrints(MetalsLspService.scala:848)
	at scala.meta.internal.metals.WorkspaceLspService.$anonfun$initialize$3(WorkspaceLspService.scala:993)
	at scala.meta.internal.metals.WorkspaceLspService.$anonfun$initialize$3$adapted(WorkspaceLspService.scala:993)
	at scala.collection.immutable.List.foreach(List.scala:333)
	at scala.meta.internal.metals.WorkspaceLspService.$anonfun$initialize$2(WorkspaceLspService.scala:993)
	at scala.concurrent.Future$.$anonfun$apply$1(Future.scala:687)
	at scala.concurrent.impl.Promise$Transformation.run(Promise.scala:467)
	at java.util.concurrent.ThreadPoolExecutor.runWorker(ThreadPoolExecutor.java:1128)
	at java.util.concurrent.ThreadPoolExecutor$Worker.run(ThreadPoolExecutor.java:628)
	at java.lang.Thread.run(Thread.java:829)

Aug 23, 2023 3:04:41 PM org.flywaydb.core.internal.database.base.BaseDatabaseType createDatabase
INFO: Database: jdbc:h2:mem:metals (H2 2.1)
Aug 23, 2023 3:04:41 PM org.flywaydb.core.internal.schemahistory.JdbcTableSchemaHistory allAppliedMigrations
INFO: Schema history table "PUBLIC"."flyway_schema_history" does not exist yet
Aug 23, 2023 3:04:41 PM org.flywaydb.core.internal.command.DbValidate validate
INFO: Successfully validated 4 migrations (execution time 00:00.016s)
Aug 23, 2023 3:04:41 PM org.flywaydb.core.internal.schemahistory.JdbcTableSchemaHistory create
INFO: Creating Schema History table "PUBLIC"."flyway_schema_history" ...
Aug 23, 2023 3:04:41 PM org.flywaydb.core.internal.command.DbMigrate migrateGroup
INFO: Current version of schema "PUBLIC": << Empty Schema >>
Aug 23, 2023 3:04:41 PM org.flywaydb.core.internal.command.DbMigrate doMigrateGroup
INFO: Migrating schema "PUBLIC" to version "1 - Create tables"
Aug 23, 2023 3:04:41 PM org.flywaydb.core.internal.command.DbMigrate doMigrateGroup
INFO: Migrating schema "PUBLIC" to version "2 - Server discovery"
Aug 23, 2023 3:04:41 PM org.flywaydb.core.internal.command.DbMigrate doMigrateGroup
INFO: Migrating schema "PUBLIC" to version "3 - Jar symbols"
Aug 23, 2023 3:04:41 PM org.flywaydb.core.internal.command.DbMigrate doMigrateGroup
INFO: Migrating schema "PUBLIC" to version "4 - Fingerprints"
Aug 23, 2023 3:04:41 PM org.flywaydb.core.internal.command.DbMigrate logSummary
INFO: Successfully applied 4 migrations to schema "PUBLIC", now at version v4 (execution time 00:00.082s)
2023.08.23 15:04:41 INFO  time: initialize in 0.82s
2023.08.23 15:04:43 WARN  Build server is not auto-connectable.
2023.08.23 15:04:43 WARN  no build tool detected in workspace '\\wsl.localhost\Ubuntu-20.04\home\noahmarner\Jithub'. The most common cause for this problem is that the editor was opened in the wrong working directory, for example if you use sbt then the workspace directory should contain build.sbt. 
Aug 23, 2023 4:37:38 PM org.eclipse.lsp4j.jsonrpc.services.GenericEndpoint notify
INFO: Unsupported notification method: $/setTrace
Aug 23, 2023 4:37:38 PM org.eclipse.lsp4j.jsonrpc.services.GenericEndpoint notify
INFO: Unsupported notification method: $/setTrace
Aug 23, 2023 4:37:47 PM org.eclipse.lsp4j.jsonrpc.services.GenericEndpoint notify
INFO: Unsupported notification method: $/setTrace
Aug 23, 2023 4:37:47 PM org.eclipse.lsp4j.jsonrpc.services.GenericEndpoint notify
INFO: Unsupported notification method: $/setTrace
